[debug] [2023-05-30T20:00:03.253Z] ----------------------------------------------------------------------
[debug] [2023-05-30T20:00:03.255Z] Command:       C:\Program Files\nodejs\node.exe C:\Users\senae\AppData\Roaming\npm\node_modules\firebase-tools\lib\bin\firebase.js init
[debug] [2023-05-30T20:00:03.255Z] CLI Version:   12.2.1
[debug] [2023-05-30T20:00:03.256Z] Platform:      win32
[debug] [2023-05-30T20:00:03.256Z] Node Version:  v18.16.0
[debug] [2023-05-30T20:00:03.257Z] Time:          Tue May 30 2023 23:00:03 GMT+0300 (GMT+03:00)
[debug] [2023-05-30T20:00:03.257Z] ----------------------------------------------------------------------
[debug] 
[debug] [2023-05-30T20:00:03.264Z] > command requires scopes: ["email","openid","https://www.googleapis.com/auth/cloudplatformprojects.readonly","https://www.googleapis.com/auth/firebase","https://www.googleapis.com/auth/cloud-platform"]
[debug] [2023-05-30T20:00:03.264Z] > authorizing via signed-in user (senaesitmez@gmail.com)
[info] 
     ######## #### ########  ######## ########     ###     ######  ########
     ##        ##  ##     ## ##       ##     ##  ##   ##  ##       ##
     ######    ##  ########  ######   ########  #########  ######  ######
     ##        ##  ##    ##  ##       ##     ## ##     ##       ## ##
     ##       #### ##     ## ######## ########  ##     ##  ######  ########

You're about to initialize a Firebase project in this directory:

  C:\Users\senae\Desktop\fitfit-1

[info] 
=== Project Setup
[info] 
[info] First, let's associate this project directory with a Firebase project.
[info] You can create multiple project aliases by running firebase use --add, 
[info] but for now we'll just set up a default project.
[info] 
[debug] [2023-05-30T20:00:15.119Z] >>> [apiv2][query] GET https://firebase.googleapis.com/v1beta1/projects pageSize=100
[debug] [2023-05-30T20:00:15.770Z] <<< [apiv2][status] GET https://firebase.googleapis.com/v1beta1/projects 200
[debug] [2023-05-30T20:00:15.770Z] <<< [apiv2][body] GET https://firebase.googleapis.com/v1beta1/projects [omitted]
[info] i  Using project fitfit-project (FitFit-Project) 
[info] 
=== Hosting Setup
[info] 
[info] Your public directory is the folder (relative to your project directory) that
[info] will contain Hosting assets to be uploaded with firebase deploy. If you
[info] have a build process for your assets, use your build's output directory.
[info] 
[debug] [2023-05-30T20:00:38.039Z] >>> [apiv2][query] GET https://www.gstatic.com/firebasejs/releases.json [none]
[debug] [2023-05-30T20:00:38.221Z] <<< [apiv2][status] GET https://www.gstatic.com/firebasejs/releases.json 200
[debug] [2023-05-30T20:00:38.221Z] <<< [apiv2][body] GET https://www.gstatic.com/firebasejs/releases.json {"current":{"version":"9.22.1","browserURL":"https://www.gstatic.com/firebasejs/9.22.1/firebase.js","packageURL":"https://www.gstatic.com/firebasejs/9.22.1/firebase.tgz"},"live":{"version":"9.22","browserURL":"https://www.gstatic.com/firebasejs/live/9.22/firebase.js","packageURL":"https://www.gstatic.com/firebasejs/live/9.22/firebase.tgz"},"components":{"analytics":"https://www.gstatic.com/firebasejs/9.22.1/firebase-analytics.js","app":"https://www.gstatic.com/firebasejs/9.22.1/firebase-app.js","app-check":"https://www.gstatic.com/firebasejs/9.22.1/firebase-app-check.js","auth":"https://www.gstatic.com/firebasejs/9.22.1/firebase-auth.js","auth/cordova":"https://www.gstatic.com/firebasejs/9.22.1/firebase-auth/cordova.js","auth/react-native":"https://www.gstatic.com/firebasejs/9.22.1/firebase-auth/react-native.js","functions":"https://www.gstatic.com/firebasejs/9.22.1/firebase-functions.js","firestore":"https://www.gstatic.com/firebasejs/9.22.1/firebase-firestore.js","firestore/lite":"https://www.gstatic.com/firebasejs/9.22.1/firebase-firestore/lite.js","installations":"https://www.gstatic.com/firebasejs/9.22.1/firebase-installations.js","storage":"https://www.gstatic.com/firebasejs/9.22.1/firebase-storage.js","performance":"https://www.gstatic.com/firebasejs/9.22.1/firebase-performance.js","remote-config":"https://www.gstatic.com/firebasejs/9.22.1/firebase-remote-config.js","messaging":"https://www.gstatic.com/firebasejs/9.22.1/firebase-messaging.js","messaging/sw":"https://www.gstatic.com/firebasejs/9.22.1/firebase-messaging/sw.js","database":"https://www.gstatic.com/firebasejs/9.22.1/firebase-database.js","firestore.memory":"https://www.gstatic.com/firebasejs/9.22.1/firebase-firestore.memory.js"}}
[info] +  Wrote build/index.html 
[info] 
[info] i  Detected a .git folder at C:\Users\senae\Desktop\fitfit-1 
[info] i  Authorizing with GitHub to upload your service account to a GitHub repository's secrets store. 
[info] 
[info] Visit this URL on this device to log in:
[info] https://github.com/login/oauth/authorize?client_id=89cf50f02ac6aaed3484&state=710868419&redirect_uri=http%3A%2F%2Flocalhost%3A9005&scope=read%3Auser%20repo%20public_repo
[info] 
[info] Waiting for authentication...
[debug] [2023-05-30T20:00:44.327Z] >>> [apiv2][query] POST https://github.com/login/oauth/access_token [none]
[debug] [2023-05-30T20:00:44.327Z] >>> [apiv2][body] POST https://github.com/login/oauth/access_token [stream]
[debug] [2023-05-30T20:00:44.792Z] <<< [apiv2][status] POST https://github.com/login/oauth/access_token 200
[debug] [2023-05-30T20:00:44.792Z] <<< [apiv2][body] POST https://github.com/login/oauth/access_token {"access_token":"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","token_type":"bearer","scope":"read:user,repo"}
[debug] [2023-05-30T20:00:44.802Z] >>> [apiv2][query] GET https://api.github.com/user [none]
[debug] [2023-05-30T20:00:45.151Z] <<< [apiv2][status] GET https://api.github.com/user 200
[debug] [2023-05-30T20:00:45.151Z] <<< [apiv2][body] GET https://api.github.com/user {"login":"senaesitmez","id":120181735,"node_id":"U_kgDOBynT5w","avatar_url":"https://avatars.githubusercontent.com/u/120181735?v=4","gravatar_id":"","url":"https://api.github.com/users/senaesitmez","html_url":"https://github.com/senaesitmez","followers_url":"https://api.github.com/users/senaesitmez/followers","following_url":"https://api.github.com/users/senaesitmez/following{/other_user}","gists_url":"https://api.github.com/users/senaesitmez/gists{/gist_id}","starred_url":"https://api.github.com/users/senaesitmez/starred{/owner}{/repo}","subscriptions_url":"https://api.github.com/users/senaesitmez/subscriptions","organizations_url":"https://api.github.com/users/senaesitmez/orgs","repos_url":"https://api.github.com/users/senaesitmez/repos","events_url":"https://api.github.com/users/senaesitmez/events{/privacy}","received_events_url":"https://api.github.com/users/senaesitmez/received_events","type":"User","site_admin":false,"name":null,"company":null,"blog":"","location":null,"email":null,"hireable":null,"bio":null,"twitter_username":null,"public_repos":1,"public_gists":0,"followers":0,"following":0,"created_at":"2022-12-09T11:45:16Z","updated_at":"2023-05-30T12:29:16Z","private_gists":0,"total_private_repos":0,"owned_private_repos":0,"disk_usage":42160,"collaborators":0,"two_factor_authentication":false,"plan":{"name":"free","space":976562499,"collaborators":0,"private_repos":10000}}
[info] 
[info] +  Success! Logged into GitHub as senaesitmez 
[info] 
[debug] [2023-05-30T20:01:15.921Z] >>> [apiv2][query] GET https://api.github.com/repos/npm run build/actions/secrets/public-key type=owner
[debug] [2023-05-30T20:01:16.205Z] <<< [apiv2][status] GET https://api.github.com/repos/npm run build/actions/secrets/public-key 404
[debug] [2023-05-30T20:01:16.205Z] <<< [apiv2][body] GET https://api.github.com/repos/npm run build/actions/secrets/public-key {"message":"Not Found","documentation_url":"https://docs.github.com/rest"}
[info] 
[info] 
[error] !  The provided authorization cannot be used with this repository. If this repository is in an organization, did you remember to grant access? 
[info] 
[info] i  Action required: Visit this URL to ensure access has been granted to the appropriate organization(s) for the Firebase CLI GitHub OAuth App: 
[info] https://github.com/settings/connections/applications/89cf50f02ac6aaed3484
[info] 
[debug] [2023-05-30T20:01:20.684Z] >>> [apiv2][query] GET https://api.github.com/repos/npm run build/actions/secrets/public-key type=owner
[debug] [2023-05-30T20:01:21.030Z] <<< [apiv2][status] GET https://api.github.com/repos/npm run build/actions/secrets/public-key 404
[debug] [2023-05-30T20:01:21.030Z] <<< [apiv2][body] GET https://api.github.com/repos/npm run build/actions/secrets/public-key {"message":"Not Found","documentation_url":"https://docs.github.com/rest"}
[info] 
[info] 
[error] !  The provided authorization cannot be used with this repository. If this repository is in an organization, did you remember to grant access? 
[info] 
[info] i  Action required: Visit this URL to ensure access has been granted to the appropriate organization(s) for the Firebase CLI GitHub OAuth App: 
[info] https://github.com/settings/connections/applications/89cf50f02ac6aaed3484
[info] 
[debug] [2023-05-30T20:05:23.265Z] ----------------------------------------------------------------------
[debug] [2023-05-30T20:05:23.267Z] Command:       C:\Program Files\nodejs\node.exe C:\Users\senae\AppData\Roaming\npm\node_modules\firebase-tools\lib\bin\firebase.js init
[debug] [2023-05-30T20:05:23.267Z] CLI Version:   12.2.1
[debug] [2023-05-30T20:05:23.268Z] Platform:      win32
[debug] [2023-05-30T20:05:23.268Z] Node Version:  v18.16.0
[debug] [2023-05-30T20:05:23.269Z] Time:          Tue May 30 2023 23:05:23 GMT+0300 (GMT+03:00)
[debug] [2023-05-30T20:05:23.269Z] ----------------------------------------------------------------------
[debug] 
[debug] [2023-05-30T20:05:23.276Z] > command requires scopes: ["email","openid","https://www.googleapis.com/auth/cloudplatformprojects.readonly","https://www.googleapis.com/auth/firebase","https://www.googleapis.com/auth/cloud-platform"]
[debug] [2023-05-30T20:05:23.276Z] > authorizing via signed-in user (senaesitmez@gmail.com)
[info] 
     ######## #### ########  ######## ########     ###     ######  ########
     ##        ##  ##     ## ##       ##     ##  ##   ##  ##       ##
     ######    ##  ########  ######   ########  #########  ######  ######
     ##        ##  ##    ##  ##       ##     ## ##     ##       ## ##
     ##       #### ##     ## ######## ########  ##     ##  ######  ########

You're about to initialize a Firebase project in this directory:

  C:\Users\senae\Desktop\fitfit-1

